Arguments: 
  D:\node\node.exe D:\Program Files (x86)\bin\yarn.js install

PATH: 
  C:\WINDOWS\system32;C:\WINDOWS;C:\WINDOWS\System32\Wbem;C:\WINDOWS\System32\WindowsPowerShell\v1.0\;C:\WINDOWS\System32\OpenSSH\;D:\Java\git\Git\cmd;D:\GoRoot\bin;D:\gcc\bin;D:\node\;D:\Program Files (x86)\bin\;C:\Users\admin\AppData\Local\Microsoft\WindowsApps;D:\vscode\Microsoft VS Code\bin;D:\Program Files (x86)\Bandizip\;D:\Docker Toolbox;C:\Users\admin\AppData\Roaming\npm;C:\Users\admin\AppData\Local\Yarn\bin

Yarn version: 
  1.15.2

Node version: 
  10.15.3

Platform: 
  win32 x64

Trace: 
  Error: connect ETIMEDOUT 104.16.24.35:443
      at TCPConnectWrap.afterConnect [as oncomplete] (net.js:1097:14)

npm manifest: 
  {
    "name": "dice",
    "version": "0.1.0",
    "private": true,
    "scripts": {
      "serve": "vue-cli-service serve",
      "build": "vue-cli-service build",
      "lint": "vue-cli-service lint"
    },
    "dependencies": {
      "@fortawesome/fontawesome-free-brands": "^5.0.13",
      "@fortawesome/fontawesome-svg-core": "^1.2.4",
      "@fortawesome/free-solid-svg-icons": "^5.3.1",
      "@fortawesome/vue-fontawesome": "^0.1.1",
      "element-ui": "^2.4.6",
      "eosjs": "^16.0.6",
      "normalize.css": "^8.0.0",
      "vue": "^2.5.17",
      "vuex": "^3.0.1"
    },
    "devDependencies": {
      "@vue/cli-plugin-babel": "^3.0.1",
      "@vue/cli-plugin-eslint": "^3.0.1",
      "@vue/cli-service": "^3.0.1",
      "vue-template-compiler": "^2.5.17"
    },
    "eslintConfig": {
      "root": true,
      "env": {
        "node": true
      },
      "extends": [
        "plugin:vue/essential",
        "eslint:recommended"
      ],
      "rules": {},
      "parserOptions": {
        "parser": "babel-eslint"
      }
    },
    "postcss": {
      "plugins": {
        "autoprefixer": {}
      }
    },
    "browserslist": [
      "> 1%",
      "last 2 versions",
      "not ie <= 8"
    ]
  }

yarn manifest: 
  No manifest

Lockfile: 
  No lockfile
